# JRE version: Java(TM) SE Runtime Environment (8.0_181-b13) (build 1.8.0_181-b13)
# Java VM: Java HotSpot(TM) 64-Bit Server VM (25.181-b13 mixed mode windows-amd64 compressed oops)
Heap:
 PSYoungGen      total 137728K, used 108788K [0x00000000d6e00000, 0x00000000e3800000, 0x0000000100000000)
  eden space 124928K, 76% used [0x00000000d6e00000,0x00000000dcbc07b0,0x00000000de800000)
  from space 12800K, 99% used [0x00000000e2b80000,0x00000000e37fc9a8,0x00000000e3800000)
  to   space 9728K, 0% used [0x00000000de800000,0x00000000de800000,0x00000000df180000)
 ParOldGen       total 51200K, used 12120K [0x0000000084a00000, 0x0000000087c00000, 0x00000000d6e00000)
  object space 51200K, 23% used [0x0000000084a00000,0x00000000855d6108,0x0000000087c00000)
 Metaspace       used 25572K, capacity 26346K, committed 26544K, reserved 1073152K
  class space    used 3247K, capacity 3457K, committed 3504K, reserved 1048576K
GC Heap History (10 events):
Event: 2.443 GC heap before
{Heap before GC invocations=5 (full 0):
 PSYoungGen      total 68608K, used 37957K [0x00000000d6e00000, 0x00000000db600000, 0x0000000100000000)
  eden space 63488K, 51% used [0x00000000d6e00000,0x00000000d8e16df8,0x00000000dac00000)
  from space 5120K, 99% used [0x00000000db100000,0x00000000db5fa7b0,0x00000000db600000)
  to   space 5120K, 0% used [0x00000000dac00000,0x00000000dac00000,0x00000000db100000)
 ParOldGen       total 84992K, used 5183K [0x0000000084a00000, 0x0000000089d00000, 0x00000000d6e00000)
  object space 84992K, 6% used [0x0000000084a00000,0x0000000084f0fec8,0x0000000089d00000)
 Metaspace       used 20675K, capacity 21194K, committed 21296K, reserved 1067008K
  class space    used 2666K, capacity 2823K, committed 2864K, reserved 1048576K
Event: 2.458 GC heap after
Heap after GC invocations=5 (full 0):
 PSYoungGen      total 68608K, used 5115K [0x00000000d6e00000, 0x00000000dfb00000, 0x0000000100000000)
  eden space 63488K, 0% used [0x00000000d6e00000,0x00000000d6e00000,0x00000000dac00000)
  from space 5120K, 99% used [0x00000000dac00000,0x00000000db0fef40,0x00000000db100000)
  to   space 8704K, 0% used [0x00000000df280000,0x00000000df280000,0x00000000dfb00000)
 ParOldGen       total 84992K, used 7222K [0x0000000084a00000, 0x0000000089d00000, 0x00000000d6e00000)
  object space 84992K, 8% used [0x0000000084a00000,0x000000008510db78,0x0000000089d00000)
 Metaspace       used 20675K, capacity 21194K, committed 21296K, reserved 1067008K
  class space    used 2666K, capacity 2823K, committed 2864K, reserved 1048576K
}
Event: 2.458 GC heap before
{Heap before GC invocations=6 (full 1):
 PSYoungGen      total 68608K, used 5115K [0x00000000d6e00000, 0x00000000dfb00000, 0x0000000100000000)
  eden space 63488K, 0% used [0x00000000d6e00000,0x00000000d6e00000,0x00000000dac00000)
  from space 5120K, 99% used [0x00000000dac00000,0x00000000db0fef40,0x00000000db100000)
  to   space 8704K, 0% used [0x00000000df280000,0x00000000df280000,0x00000000dfb00000)
 ParOldGen       total 84992K, used 7222K [0x0000000084a00000, 0x0000000089d00000, 0x00000000d6e00000)
  object space 84992K, 8% used [0x0000000084a00000,0x000000008510db78,0x0000000089d00000)
 Metaspace       used 20675K, capacity 21194K, committed 21296K, reserved 1067008K
  class space    used 2666K, capacity 2823K, committed 2864K, reserved 1048576K
Event: 2.496 GC heap after
Heap after GC invocations=6 (full 1):
 PSYoungGen      total 68608K, used 0K [0x00000000d6e00000, 0x00000000dfb00000, 0x0000000100000000)
  eden space 63488K, 0% used [0x00000000d6e00000,0x00000000d6e00000,0x00000000dac00000)
  from space 5120K, 0% used [0x00000000dac00000,0x00000000dac00000,0x00000000db100000)
  to   space 8704K, 0% used [0x00000000df280000,0x00000000df280000,0x00000000dfb00000)
 ParOldGen       total 51200K, used 7078K [0x0000000084a00000, 0x0000000087c00000, 0x00000000d6e00000)
  object space 51200K, 13% used [0x0000000084a00000,0x00000000850e9aa8,0x0000000087c00000)
 Metaspace       used 20674K, capacity 21188K, committed 21296K, reserved 1067008K
  class space    used 2665K, capacity 2822K, committed 2864K, reserved 1048576K
}
Event: 3.749 GC heap before
{Heap before GC invocations=7 (full 1):
 PSYoungGen      total 68608K, used 63488K [0x00000000d6e00000, 0x00000000dfb00000, 0x0000000100000000)
  eden space 63488K, 100% used [0x00000000d6e00000,0x00000000dac00000,0x00000000dac00000)
  from space 5120K, 0% used [0x00000000dac00000,0x00000000dac00000,0x00000000db100000)
  to   space 8704K, 0% used [0x00000000df280000,0x00000000df280000,0x00000000dfb00000)
 ParOldGen       total 51200K, used 7115K [0x0000000084a00000, 0x0000000087c00000, 0x00000000d6e00000)
  object space 51200K, 13% used [0x0000000084a00000,0x00000000850f2f78,0x0000000087c00000)
 Metaspace       used 22880K, capacity 23534K, committed 23600K, reserved 1069056K
  class space    used 2908K, capacity 3069K, committed 3120K, reserved 1048576K
Event: 3.767 GC heap after
Heap after GC invocations=7 (full 1):
 PSYoungGen      total 116736K, used 8688K [0x00000000d6e00000, 0x00000000dfb00000, 0x0000000100000000)
  eden space 108032K, 0% used [0x00000000d6e00000,0x00000000d6e00000,0x00000000dd780000)
  from space 8704K, 99% used [0x00000000df280000,0x00000000dfafc070,0x00000000dfb00000)
  to   space 9728K, 0% used [0x00000000de800000,0x00000000de800000,0x00000000df180000)
 ParOldGen       total 51200K, used 7459K [0x0000000084a00000, 0x0000000087c00000, 0x00000000d6e00000)
  object space 51200K, 14% used [0x0000000084a00000,0x0000000085148c20,0x0000000087c00000)
 Metaspace       used 22880K, capacity 23534K, committed 23600K, reserved 1069056K
  class space    used 2908K, capacity 3069K, committed 3120K, reserved 1048576K
}
Event: 5.067 GC heap before
{Heap before GC invocations=8 (full 1):
 PSYoungGen      total 116736K, used 116720K [0x00000000d6e00000, 0x00000000dfb00000, 0x0000000100000000)
  eden space 108032K, 100% used [0x00000000d6e00000,0x00000000dd780000,0x00000000dd780000)
  from space 8704K, 99% used [0x00000000df280000,0x00000000dfafc070,0x00000000dfb00000)
  to   space 9728K, 0% used [0x00000000de800000,0x00000000de800000,0x00000000df180000)
 ParOldGen       total 51200K, used 7459K [0x0000000084a00000, 0x0000000087c00000, 0x00000000d6e00000)
  object space 51200K, 14% used [0x0000000084a00000,0x0000000085148c20,0x0000000087c00000)
 Metaspace       used 22898K, capacity 23534K, committed 23600K, reserved 1069056K
  class space    used 2910K, capacity 3069K, committed 3120K, reserved 1048576K
Event: 5.098 GC heap after
Heap after GC invocations=8 (full 1):
 PSYoungGen      total 134656K, used 9698K [0x00000000d6e00000, 0x00000000e3800000, 0x0000000100000000)
  eden space 124928K, 0% used [0x00000000d6e00000,0x00000000d6e00000,0x00000000de800000)
  from space 9728K, 99% used [0x00000000de800000,0x00000000df178b78,0x00000000df180000)
  to   space 12800K, 0% used [0x00000000e2b80000,0x00000000e2b80000,0x00000000e3800000)
 ParOldGen       total 51200K, used 11304K [0x0000000084a00000, 0x0000000087c00000, 0x00000000d6e00000)
  object space 51200K, 22% used [0x0000000084a00000,0x000000008550a310,0x0000000087c00000)
 Metaspace       used 22898K, capacity 23534K, committed 23600K, reserved 1069056K
  class space    used 2910K, capacity 3069K, committed 3120K, reserved 1048576K
}
Event: 6.225 GC heap before
{Heap before GC invocations=9 (full 1):
 PSYoungGen      total 134656K, used 134626K [0x00000000d6e00000, 0x00000000e3800000, 0x0000000100000000)
  eden space 124928K, 100% used [0x00000000d6e00000,0x00000000de800000,0x00000000de800000)
  from space 9728K, 99% used [0x00000000de800000,0x00000000df178b78,0x00000000df180000)
  to   space 12800K, 0% used [0x00000000e2b80000,0x00000000e2b80000,0x00000000e3800000)
 ParOldGen       total 51200K, used 11304K [0x0000000084a00000, 0x0000000087c00000, 0x00000000d6e00000)
  object space 51200K, 22% used [0x0000000084a00000,0x000000008550a310,0x0000000087c00000)
 Metaspace       used 22935K, capacity 23534K, committed 23600K, reserved 1069056K
  class space    used 2918K, capacity 3069K, committed 3120K, reserved 1048576K
Event: 6.248 GC heap after
Heap after GC invocations=9 (full 1):
 PSYoungGen      total 137728K, used 12786K [0x00000000d6e00000, 0x00000000e3800000, 0x0000000100000000)
  eden space 124928K, 0% used [0x00000000d6e00000,0x00000000d6e00000,0x00000000de800000)
  from space 12800K, 99% used [0x00000000e2b80000,0x00000000e37fc9a8,0x00000000e3800000)
  to   space 9728K, 0% used [0x00000000de800000,0x00000000de800000,0x00000000df180000)
 ParOldGen       total 51200K, used 12120K [0x0000000084a00000, 0x0000000087c00000, 0x00000000d6e00000)
  object space 51200K, 23% used [0x0000000084a00000,0x00000000855d6108,0x0000000087c00000)
 Metaspace       used 22935K, capacity 23534K, committed 23600K, reserved 1069056K
  class space    used 2918K, capacity 3069K, committed 3120K, reserved 1048576K
}

